[15-May-2020 23:39:48 UTC] PHP Fatal error:  Uncaught Error: Call to a member function fetchAll() on bool in C:\projetos\PhpstormProjects\DW_ADS_20_1_01\banco_dados\conexao.php:7
Stack trace:
#0 {main}
  thrown in C:\projetos\PhpstormProjects\DW_ADS_20_1_01\banco_dados\conexao.php on line 7
[15-May-2020 23:40:36 UTC] PHP Fatal error:  Uncaught PDOException: SQLSTATE[42000]: Syntax error or access violation: 1064 You have an error in your SQL syntax; check the manual that corresponds to your MySQL server version for the right syntax to use near 'cliente' at line 1 in C:\projetos\PhpstormProjects\DW_ADS_20_1_01\banco_dados\conexao.php:7
Stack trace:
#0 C:\projetos\PhpstormProjects\DW_ADS_20_1_01\banco_dados\conexao.php(7): PDO->query('select *  clien...')
#1 {main}
  thrown in C:\projetos\PhpstormProjects\DW_ADS_20_1_01\banco_dados\conexao.php on line 7
[16-May-2020 00:49:59 UTC] PHP Fatal error:  Uncaught PDOException: SQLSTATE[HY000] [1049] Unknown database 'cliente' in C:\projetos\PhpstormProjects\DW_ADS_20_1_01\banco_dados\conexao.php:2
Stack trace:
#0 C:\projetos\PhpstormProjects\DW_ADS_20_1_01\banco_dados\conexao.php(2): PDO->__construct('mysql:host=loca...', 'root', 'root')
#1 C:\projetos\PhpstormProjects\DW_ADS_20_1_01\banco_dados\index.php(3): require_once('C:\\projetos\\Php...')
#2 {main}
  thrown in C:\projetos\PhpstormProjects\DW_ADS_20_1_01\banco_dados\conexao.php on line 2
[16-May-2020 00:50:21 UTC] PHP Fatal error:  Uncaught PDOException: SQLSTATE[HY000] [1049] Unknown database 'cliente' in C:\projetos\PhpstormProjects\DW_ADS_20_1_01\banco_dados\conexao.php:2
Stack trace:
#0 C:\projetos\PhpstormProjects\DW_ADS_20_1_01\banco_dados\conexao.php(2): PDO->__construct('mysql:host=loca...', 'root', 'root')
#1 C:\projetos\PhpstormProjects\DW_ADS_20_1_01\banco_dados\instalacao.php(3): require_once('C:\\projetos\\Php...')
#2 {main}
  thrown in C:\projetos\PhpstormProjects\DW_ADS_20_1_01\banco_dados\conexao.php on line 2
